<?xml version="1.0" encoding="utf-8" standalone="no"?>
<!--This file represents the results of running a test suite-->
<test-results name="C:\Users\AYoung\Documents\Visual Studio 2010\Projects\Mixtape Maker\Mixtape Maker\Mixtape Maker.csproj" total="1" errors="0" failures="0" not-run="0" inconclusive="0" ignored="0" skipped="0" invalid="0" date="2013-08-27" time="16:23:59">
  <environment nunit-version="2.6.2.12296" clr-version="2.0.50727.5472" os-version="Microsoft Windows NT 6.1.7601 Service Pack 1" platform="Win32NT" cwd="C:\Program Files (x86)\NUnit 2.6.2\bin" machine-name="E104037" user="AYoung" user-domain="NA" />
  <culture-info current-culture="en-US" current-uiculture="en-US" />
  <test-suite type="Project" name="C:\Users\AYoung\Documents\Visual Studio 2010\Projects\Mixtape Maker\Mixtape Maker\Mixtape Maker.csproj" executed="True" result="Success" success="True" time="1.360" asserts="0">
    <results>
      <test-suite type="Assembly" name="C:\Users\AYoung\Documents\Visual Studio 2010\Projects\Mixtape Maker\Mixtape Maker\bin\Release\Mixtape Maker.exe" executed="True" result="Success" success="True" time="1.355" asserts="0">
        <results>
          <test-suite type="Namespace" name="Mixtape_Maker" executed="True" result="Success" success="True" time="1.354" asserts="0">
            <results>
              <test-suite type="TestFixture" name="Tests" executed="True" result="Success" success="True" time="1.354" asserts="0">
                <properties>
                  <property name="APARTMENT_STATE" value="STA" />
                </properties>
                <results>
                  <test-case name="Mixtape_Maker.Tests.AddPlaylistTest" executed="True" result="Success" success="True" time="1.344" asserts="2" />
                </results>
              </test-suite>
            </results>
          </test-suite>
        </results>
      </test-suite>
    </results>
  </test-suite>
</test-results>