<?xml version="1.0" encoding="utf-8" standalone="no"?>
<!--This file represents the results of running a test suite-->
<test-results name="C:\Users\AYoung\Documents\Visual Studio 2010\Projects\Mixtape Maker\Mixtape Maker.sln" total="1" errors="1" failures="0" not-run="0" inconclusive="0" ignored="0" skipped="0" invalid="0" date="2013-08-26" time="15:08:56">
  <environment nunit-version="2.6.2.12296" clr-version="2.0.50727.5472" os-version="Microsoft Windows NT 6.1.7601 Service Pack 1" platform="Win32NT" cwd="C:\Program Files (x86)\NUnit 2.6.2\bin" machine-name="E104037" user="AYoung" user-domain="NA" />
  <culture-info current-culture="en-US" current-uiculture="en-US" />
  <test-suite type="Project" name="C:\Users\AYoung\Documents\Visual Studio 2010\Projects\Mixtape Maker\Mixtape Maker.sln" executed="True" result="Failure" success="False" time="0.003" asserts="0">
    <results>
      <test-suite type="Assembly" name="C:\Users\AYoung\Documents\Visual Studio 2010\Projects\Mixtape Maker\Mixtape Maker\bin\Debug\Mixtape Maker.exe" executed="True" result="Failure" success="False" time="0.003" asserts="0">
        <results>
          <test-suite type="Namespace" name="Mixtape_Maker" executed="True" result="Failure" success="False" time="0.002" asserts="0">
            <results>
              <test-suite type="TestFixture" name="Tests" executed="True" result="Failure" success="False" time="0.002" asserts="0">
                <results>
                  <test-case name="Mixtape_Maker.Tests.AddPlaylistTest" executed="True" result="Error" success="False" time="0.001" asserts="0">
                    <failure>
                      <message><![CDATA[System.InvalidOperationException : The calling thread must be STA, because many UI components require this.]]></message>
                      <stack-trace><![CDATA[at System.Windows.Input.InputManager..ctor()
at System.Windows.Input.InputManager.GetCurrentInputManagerImpl()
at System.Windows.Input.KeyboardNavigation..ctor()
at System.Windows.FrameworkElement.FrameworkServices..ctor()
at System.Windows.FrameworkElement.EnsureFrameworkServices()
at System.Windows.FrameworkElement..ctor()
at System.Windows.Controls.Control..ctor()
at System.Windows.Controls.ContentControl..ctor()
at System.Windows.Window..ctor()
at Mixtape_Maker.MainWindow..ctor() in C:\Users\AYoung\Documents\Visual Studio 2010\Projects\Mixtape Maker\Mixtape Maker\MainWindow.xaml.cs:line 25
at Mixtape_Maker.Tests.AddPlaylistTest() in C:\Users\AYoung\Documents\Visual Studio 2010\Projects\Mixtape Maker\Mixtape Maker\Tests.cs:line 17
]]></stack-trace>
                    </failure>
                  </test-case>
                </results>
              </test-suite>
            </results>
          </test-suite>
        </results>
      </test-suite>
    </results>
  </test-suite>
</test-results>